#
# A fatal error has been detected by the Java Runtime Environment:
#
#  EXCEPTION_ACCESS_VIOLATION (0xc0000005) at pc=0x000000006629a0a5, pid=3260, tid=0x0000000000002b60
#
# JRE version: Java(TM) SE Runtime Environment (8.0_101-b13) (build 1.8.0_101-b13)
# Java VM: Java HotSpot(TM) 64-Bit Server VM (25.101-b13 mixed mode windows-amd64 compressed oops)
# Problematic frame:
# V  [jvm.dll+0x12a0a5]
#
# Failed to write core dump. Minidumps are not enabled by default on client versions of Windows
#
# If you would like to submit a bug report, please visit:
#   http://bugreport.java.com/bugreport/crash.jsp
#

---------------  T H R E A D  ---------------

Current thread (0x00000000176a5800):  JavaThread "JDWP Transport Listener: dt_socket" daemon [_thread_in_vm, id=11104, stack(0x0000000019020000,0x0000000019120000)]

siginfo: ExceptionCode=0xc0000005, reading address 0xffffffffffffffff

Registers:
RAX=0x000000001911f701, RBX=0x00000000176a5800, RCX=0x3b65636e65757165, RDX=0x0000000000000000
RSP=0x000000001911f700, RBP=0x3b65636e65757165, RSI=0x000000001911f818, RDI=0x0000000001338790
R8 =0x00000000176a5800, R9 =0x0000000000000000, R10=0x0000000000000000, R11=0x0000000000000064
R12=0x0000000000000000, R13=0x00000000176a66f8, R14=0x0000000000000000, R15=0x0000000000000000
RIP=0x000000006629a0a5, EFLAGS=0x0000000000010206

Top of Stack: (sp=0x000000001911f700)
0x000000001911f700:   00000000176a5800 00000000176a5800
0x000000001911f710:   000000001911f7c8 00000000664a2f0b
0x000000001911f720:   00000000176a5800 00000000664bf76d
0x000000001911f730:   0000000000000000 0000000065ea9155
0x000000001911f740:   00000000176c5f00 0000000065eb291e
0x000000001911f750:   00000000176a5800 0000000000000000
0x000000001911f760:   0000000000000000 0000000000000000
0x000000001911f770:   3b65636e65757165 0000000065eb1a15
0x000000001911f780:   000000001911f818 000000001911f7f0
0x000000001911f790:   0000000000000001 00000000176c5f00
0x000000001911f7a0:   3b65636e65757165 0000000065e953b3
0x000000001911f7b0:   000000001911f8e0 0000000000000001
0x000000001911f7c0:   0000000000000001 00000000176c5f00
0x000000001911f7d0:   0000000000000009 0000000000000000
0x000000001911f7e0:   0000000000000000 0000000000000000
0x000000001911f7f0:   0000000000000001 0000000065e95571 

Instructions: (pc=0x000000006629a0a5)
0x000000006629a085:   cc cc cc cc cc cc cc cc cc cc cc 48 83 ec 28 48
0x000000006629a095:   85 c9 75 07 33 c0 48 83 c4 28 c3 48 89 5c 24 20
0x000000006629a0a5:   48 8b 19 48 85 db 74 20 48 83 fb 37 74 1a 48 8b
0x000000006629a0b5:   13 48 8b cb ff 52 10 84 c0 74 0d 48 8b c3 48 8b 


Register to memory mapping:

RAX=0x000000001911f701 is pointing into the stack for thread: 0x00000000176a5800
RBX=0x00000000176a5800 is a thread
RCX=0x3b65636e65757165 is an unknown value
RDX=0x0000000000000000 is an unknown value
RSP=0x000000001911f700 is pointing into the stack for thread: 0x00000000176a5800
RBP=0x3b65636e65757165 is an unknown value
RSI=0x000000001911f818 is pointing into the stack for thread: 0x00000000176a5800
RDI=0x0000000001338790 is an unknown value
R8 =0x00000000176a5800 is a thread
R9 =0x0000000000000000 is an unknown value
R10=0x0000000000000000 is an unknown value
R11=0x0000000000000064 is an unknown value
R12=0x0000000000000000 is an unknown value
R13=0x00000000176a66f8 is an unknown value
R14=0x0000000000000000 is an unknown value
R15=0x0000000000000000 is an unknown value


Stack: [0x0000000019020000,0x0000000019120000],  sp=0x000000001911f700,  free space=1021k
Native frames: (J=compiled Java code, j=interpreted, Vv=VM code, C=native code)
V  [jvm.dll+0x12a0a5]
V  [jvm.dll+0x34f76d]
C  [jdwp.dll+0x21a15]
C  [jdwp.dll+0x53b3]
C  [jdwp.dll+0x5571]
C  [jdwp.dll+0xf0a8]
C  [jdwp.dll+0x1f2d5]
C  [jdwp.dll+0x1f4aa]
V  [jvm.dll+0x1bd258]
V  [jvm.dll+0x2451a4]
V  [jvm.dll+0x29c18a]
C  [msvcr100.dll+0x21d9f]
C  [msvcr100.dll+0x21e3b]
C  [KERNEL32.DLL+0x8364]
C  [ntdll.dll+0x65e91]


---------------  P R O C E S S  ---------------

Java Threads: ( => current thread )
  0x000000001965c800 JavaThread "Service Thread" daemon [_thread_blocked, id=10900, stack(0x0000000019a20000,0x0000000019b20000)]
  0x00000000176cb000 JavaThread "C1 CompilerThread2" daemon [_thread_blocked, id=9984, stack(0x0000000019520000,0x0000000019620000)]
  0x00000000176ca000 JavaThread "C2 CompilerThread1" daemon [_thread_blocked, id=12652, stack(0x0000000019420000,0x0000000019520000)]
  0x00000000176c3000 JavaThread "C2 CompilerThread0" daemon [_thread_blocked, id=10960, stack(0x0000000019320000,0x0000000019420000)]
  0x00000000176b7000 JavaThread "JDWP Command Reader" daemon [_thread_in_native, id=9164, stack(0x0000000019220000,0x0000000019320000)]
  0x00000000176b5800 JavaThread "JDWP Event Helper Thread" daemon [_thread_blocked, id=344, stack(0x0000000019120000,0x0000000019220000)]
=>0x00000000176a5800 JavaThread "JDWP Transport Listener: dt_socket" daemon [_thread_in_vm, id=11104, stack(0x0000000019020000,0x0000000019120000)]
  0x000000001769c000 JavaThread "Attach Listener" daemon [_thread_blocked, id=11500, stack(0x0000000018be0000,0x0000000018ce0000)]
  0x000000001769a800 JavaThread "Signal Dispatcher" daemon [_thread_blocked, id=12392, stack(0x0000000018ae0000,0x0000000018be0000)]
  0x000000001768a800 JavaThread "Finalizer" daemon [_thread_blocked, id=7676, stack(0x00000000188f0000,0x00000000189f0000)]
  0x0000000017669000 JavaThread "Reference Handler" daemon [_thread_blocked, id=10752, stack(0x00000000187f0000,0x00000000188f0000)]
  0x000000000133e000 JavaThread "main" [_thread_in_native, id=10272, stack(0x0000000002b00000,0x0000000002c00000)]

Other Threads:
  0x0000000017667800 VMThread [stack: 0x00000000186f0000,0x00000000187f0000] [id=12092]
  0x0000000019669000 WatcherThread [stack: 0x0000000019b20000,0x0000000019c20000] [id=3392]

VM state:not at safepoint (normal execution)

VM Mutex/Monitor currently owned by a thread: None

Heap:
 PSYoungGen      total 36864K, used 2547K [0x00000000d6c00000, 0x00000000d9500000, 0x0000000100000000)
  eden space 31744K, 8% used [0x00000000d6c00000,0x00000000d6e7ce50,0x00000000d8b00000)
  from space 5120K, 0% used [0x00000000d9000000,0x00000000d9000000,0x00000000d9500000)
  to   space 5120K, 0% used [0x00000000d8b00000,0x00000000d8b00000,0x00000000d9000000)
 ParOldGen       total 84992K, used 0K [0x0000000084400000, 0x0000000089700000, 0x00000000d6c00000)
  object space 84992K, 0% used [0x0000000084400000,0x0000000084400000,0x0000000089700000)
 Metaspace       used 3379K, capacity 4664K, committed 4864K, reserved 1056768K
  class space    used 391K, capacity 424K, committed 512K, reserved 1048576K

Card table byte_map: [0x00000000120c0000,0x00000000124a0000] byte_map_base: 0x0000000011c9e000

Marking Bits: (ParMarkBitMap*) 0x000000006698a6d0
 Begin Bits: [0x0000000012b40000, 0x0000000014a30000)
 End Bits:   [0x0000000014a30000, 0x0000000016920000)

Polling page: 0x0000000000df0000

CodeCache: size=245760Kb used=1164Kb max_used=1164Kb free=244595Kb
 bounds [0x0000000002d00000, 0x0000000002f70000, 0x0000000011d00000]
 total_blobs=293 nmethods=60 adapters=154
 compilation: enabled

Compilation events (10 events):
Event: 0.227 Thread 0x00000000176cb000   56       3       java.util.regex.Pattern::peek (26 bytes)
Event: 0.227 Thread 0x00000000176cb000 nmethod 56 0x0000000002e22290 code [0x0000000002e22400, 0x0000000002e226c8]
Event: 0.227 Thread 0x00000000176cb000   60       3       java.util.regex.Pattern::next (33 bytes)
Event: 0.227 Thread 0x00000000176cb000 nmethod 60 0x0000000002e22810 code [0x0000000002e22980, 0x0000000002e22c68]
Event: 0.227 Thread 0x00000000176cb000   57       3       java.lang.Character::isBmpCodePoint (13 bytes)
Event: 0.227 Thread 0x00000000176cb000 nmethod 57 0x0000000002e22d90 code [0x0000000002e22ee0, 0x0000000002e23070]
Event: 0.227 Thread 0x00000000176cb000   58       1       java.util.regex.Pattern::flags (5 bytes)
Event: 0.227 Thread 0x00000000176cb000 nmethod 58 0x0000000002e230d0 code [0x0000000002e23220, 0x0000000002e23330]
Event: 0.227 Thread 0x00000000176cb000   59       3       java.util.regex.ASCII::isAscii (13 bytes)
Event: 0.227 Thread 0x00000000176cb000 nmethod 59 0x0000000002e23390 code [0x0000000002e234e0, 0x0000000002e23670]

GC Heap History (0 events):
No events

Deoptimization events (0 events):
No events

Internal exceptions (6 events):
Event: 0.031 Thread 0x000000000133e000 Exception <a 'java/lang/NoSuchMethodError': Method sun.misc.Unsafe.defineClass(Ljava/lang/String;[BII)Ljava/lang/Class; name or signature does not match> (0x00000000d6c07cc0) thrown at [C:\re\workspace\8-2-build-windows-amd64-cygwin\jdk8u101\7261\hotspot\sÍ¤†4]ÕŸ?
Event: 0.031 Thread 0x000000000133e000 Exception <a 'java/lang/NoSuchMethodError': Method sun.misc.Unsafe.prefetchRead(Ljava/lang/Object;J)V name or signature does not match> (0x00000000d6c07fa8) thrown at [C:\re\workspace\8-2-build-windows-amd64-cygwin\jdk8u101\7261\hotspot\src\share\vm\prims\fÍê|>°Ë?
Event: 0.216 Thread 0x000000000133e000 Exception <a 'java/security/PrivilegedActionException'> (0x00000000d6c90c50) thrown at [C:\re\workspace\8-2-build-windows-amd64-cygwin\jdk8u101\7261\hotspot\src\share\vm\prims\jvm.cpp, line 1386]
Event: 0.216 Thread 0x000000000133e000 Exception <a 'java/security/PrivilegedActionException'> (0x00000000d6c91048) thrown at [C:\re\workspace\8-2-build-windows-amd64-cygwin\jdk8u101\7261\hotspot\src\share\vm\prims\jvm.cpp, line 1386]
Event: 0.217 Thread 0x000000000133e000 Exception <a 'java/security/PrivilegedActionException'> (0x00000000d6c94e78) thrown at [C:\re\workspace\8-2-build-windows-amd64-cygwin\jdk8u101\7261\hotspot\src\share\vm\prims\jvm.cpp, line 1386]
Event: 0.217 Thread 0x000000000133e000 Exception <a 'java/security/PrivilegedActionException'> (0x00000000d6c95270) thrown at [C:\re\workspace\8-2-build-windows-amd64-cygwin\jdk8u101\7261\hotspot\src\share\vm\prims\jvm.cpp, line 1386]

Events (10 events):
Event: 11497.124 Executing VM operation: RedefineClasses
Event: 11497.125 Executing VM operation: RedefineClasses done
Event: 11497.130 Executing VM operation: ChangeBreakpoints
Event: 11497.130 Executing VM operation: ChangeBreakpoints done
Event: 13206.710 Executing VM operation: RedefineClasses
Event: 13206.711 Executing VM operation: RedefineClasses done
Event: 13223.631 Executing VM operation: RedefineClasses
Event: 13223.631 Executing VM operation: RedefineClasses done
Event: 15319.889 Executing VM operation: RedefineClasses
Event: 15319.890 Executing VM operation: RedefineClasses done


Dynamic libraries:
0x00007ff7d2e40000 - 0x00007ff7d2e77000 	C:\Program Files\Java\jre1.8.0_101\bin\javaw.exe
0x00007ffe779b0000 - 0x00007ffe77b81000 	C:\Windows\SYSTEM32\ntdll.dll
0x00007ffe77630000 - 0x00007ffe776db000 	C:\Windows\System32\KERNEL32.DLL
0x00007ffe74090000 - 0x00007ffe742ad000 	C:\Windows\System32\KERNELBASE.dll
0x00007ffe74f40000 - 0x00007ffe74fe2000 	C:\Windows\System32\ADVAPI32.dll
0x00007ffe75220000 - 0x00007ffe752be000 	C:\Windows\System32\msvcrt.dll
0x00007ffe76d90000 - 0x00007ffe76de9000 	C:\Windows\System32\sechost.dll
0x00007ffe75050000 - 0x00007ffe75171000 	C:\Windows\System32\RPCRT4.dll
0x00007ffe77320000 - 0x00007ffe77485000 	C:\Windows\System32\USER32.dll
0x00007ffe73ea0000 - 0x00007ffe73ebe000 	C:\Windows\System32\win32u.dll
0x00007ffe772c0000 - 0x00007ffe772f4000 	C:\Windows\System32\GDI32.dll
0x00007ffe74d00000 - 0x00007ffe74e82000 	C:\Windows\System32\gdi32full.dll
0x00007ffe66710000 - 0x00007ffe66989000 	C:\Windows\WinSxS\amd64_microsoft.windows.common-controls_6595b64144ccf1df_6.0.14393.447_none_42191651c6827bb3\COMCTL32.dll
0x00007ffe776e0000 - 0x00007ffe779a7000 	C:\Windows\System32\combase.dll
0x00007ffe74990000 - 0x00007ffe74a85000 	C:\Windows\System32\ucrtbase.dll
0x00007ffe73ec0000 - 0x00007ffe73f2a000 	C:\Windows\System32\bcryptPrimitives.dll
0x00007ffe75180000 - 0x00007ffe751ae000 	C:\Windows\System32\IMM32.DLL
0x0000000065ed0000 - 0x0000000065fa2000 	C:\Program Files\Java\jre1.8.0_101\bin\msvcr100.dll
0x0000000066170000 - 0x0000000066a0a000 	C:\Program Files\Java\jre1.8.0_101\bin\server\jvm.dll
0x00007ffe752c0000 - 0x00007ffe752c8000 	C:\Windows\System32\PSAPI.DLL
0x00007ffe659b0000 - 0x00007ffe659ba000 	C:\Windows\SYSTEM32\VERSION.dll
0x00007ffe722d0000 - 0x00007ffe722f3000 	C:\Windows\SYSTEM32\WINMM.dll
0x00007ffe60160000 - 0x00007ffe60169000 	C:\Windows\SYSTEM32\WSOCK32.dll
0x00007ffe751b0000 - 0x00007ffe7521a000 	C:\Windows\System32\WS2_32.dll
0x00007ffe72270000 - 0x00007ffe7229b000 	C:\Windows\SYSTEM32\WINMMBASE.dll
0x00007ffe74e90000 - 0x00007ffe74ed2000 	C:\Windows\System32\cfgmgr32.dll
0x0000000066080000 - 0x000000006608f000 	C:\Program Files\Java\jre1.8.0_101\bin\verify.dll
0x0000000066050000 - 0x0000000066079000 	C:\Program Files\Java\jre1.8.0_101\bin\java.dll
0x0000000065e90000 - 0x0000000065ec5000 	C:\Program Files\Java\jre1.8.0_101\bin\jdwp.dll
0x0000000065e80000 - 0x0000000065e88000 	C:\Program Files\Java\jre1.8.0_101\bin\npt.dll
0x0000000066030000 - 0x0000000066046000 	C:\Program Files\Java\jre1.8.0_101\bin\zip.dll
0x00007ffe75700000 - 0x00007ffe76c09000 	C:\Windows\System32\SHELL32.dll
0x00007ffe742b0000 - 0x00007ffe7498a000 	C:\Windows\System32\windows.storage.dll
0x00007ffe73e20000 - 0x00007ffe73e6c000 	C:\Windows\System32\powrprof.dll
0x00007ffe76c10000 - 0x00007ffe76c62000 	C:\Windows\System32\shlwapi.dll
0x00007ffe73e10000 - 0x00007ffe73e1f000 	C:\Windows\System32\kernel.appcore.dll
0x00007ffe73fe0000 - 0x00007ffe74089000 	C:\Windows\System32\shcore.dll
0x00007ffe73e70000 - 0x00007ffe73e84000 	C:\Windows\System32\profapi.dll
0x0000000065e70000 - 0x0000000065e79000 	C:\Program Files\Java\jre1.8.0_101\bin\dt_socket.dll
0x00007ffe5d000000 - 0x00007ffe5d016000 	C:\Windows\system32\napinsp.dll
0x00007ffe5d020000 - 0x00007ffe5d03a000 	C:\Windows\system32\pnrpnsp.dll
0x00007ffe71770000 - 0x00007ffe71788000 	C:\Windows\system32\NLAapi.dll
0x00007ffe73590000 - 0x00007ffe735ec000 	C:\Windows\System32\mswsock.dll
0x00007ffe73360000 - 0x00007ffe73400000 	C:\Windows\SYSTEM32\DNSAPI.dll
0x00007ffe76d20000 - 0x00007ffe76d28000 	C:\Windows\System32\NSI.dll
0x00007ffe73320000 - 0x00007ffe73358000 	C:\Windows\SYSTEM32\IPHLPAPI.DLL
0x00007ffe60000000 - 0x00007ffe6000e000 	C:\Windows\System32\winrnr.dll
0x00007ffe5d040000 - 0x00007ffe5d055000 	C:\Windows\System32\wshbth.dll
0x00007ffe6c940000 - 0x00007ffe6c9aa000 	C:\Windows\System32\fwpuclnt.dll
0x00007ffe73d50000 - 0x00007ffe73d7b000 	C:\Windows\SYSTEM32\bcrypt.dll
0x00007ffe66070000 - 0x00007ffe6607a000 	C:\Windows\System32\rasadhlp.dll
0x00007ffe623e0000 - 0x00007ffe62572000 	C:\Windows\SYSTEM32\dbghelp.dll

VM Arguments:
jvm_args: -agentlib:jdwp=transport=dt_socket,suspend=y,address=localhost:59730 -Dfile.encoding=Cp1252 
java_command: Main
java_class_path (initial): D:\Libraries\Documents\Eclipse Java Projects\CodeForces\Brain's Photos\bin
Launcher Type: SUN_STANDARD

Environment Variables:
PATH=C:/Program Files/Java/jre1.8.0_101/bin/server;C:/Program Files/Java/jre1.8.0_101/bin;C:/Program Files/Java/jre1.8.0_101/lib/amd64;C:\ProgramData\Oracle\Java\javapath;C:\Windows\system32;C:\Windows;C:\Windows\System32\Wbem;C:\Windows\System32\WindowsPowerShell\v1.0\;C:\Windows\system32\config\systemprofile\.dnx\bin;C:\Program Files\Microsoft DNX\Dnvm\;C:\Program Files\Microsoft SQL Server\130\Tools\Binn\;C:\Program Files (x86)\GtkSharp\2.12\bin;C:\Program Files\SourceGear\Common\DiffMerge\;C:\ProgramData\Oracle\Java\javapath;C:\Windows\system32;C:\Windows;C:\Windows\System32\Wbem;C:\Windows\System32\WindowsPowerShell\v1.0\;C:\Windows\system32\config\systemprofile\.dnx\bin;C:\Program Files\Microsoft DNX\Dnvm\;C:\Program Files\Microsoft SQL Server\130\Tools\Binn\;C:\Program Files (x86)\GtkSharp\2.12\bin;C:\Users\maidu\AppData\Local\Microsoft\WindowsApps;;C:\Android\sdk\platform-tools;C:\Windows\System32;
USERNAME=maidul
OS=Windows_NT
PROCESSOR_IDENTIFIER=Intel64 Family 6 Model 69 Stepping 1, GenuineIntel



---------------  S Y S T E M  ---------------

OS: Windows 10.0 , 64 bit Build 14393 (10.0.14393.0)

CPU:total 4 (2 cores per cpu, 2 threads per core) family 6 model 69 stepping 1, cmov, cx8, fxsr, mmx, sse, sse2, sse3, ssse3, sse4.1, sse4.2, popcnt, avx, avx2, aes, clmul, erms, lzcnt, ht, tsc, tscinvbit, bmi1, bmi2

Memory: 4k page, physical 8102168k(4448076k free), swap 9412888k(2414568k free)

vm_info: Java HotSpot(TM) 64-Bit Server VM (25.101-b13) for windows-amd64 JRE (1.8.0_101-b13), built on Jun 22 2016 01:21:29 by "java_re" with MS VC++ 10.0 (VS2010)

time: Tue Nov 29 17:27:03 2016
elapsed time: 15319 seconds (0d 4h 15m 19s)

