#
# A fatal error has been detected by the Java Runtime Environment:
#
#  EXCEPTION_ACCESS_VIOLATION (0xc0000005) at pc=0x000000006629a0a5, pid=7648, tid=0x0000000000002d48
#
# JRE version: Java(TM) SE Runtime Environment (8.0_101-b13) (build 1.8.0_101-b13)
# Java VM: Java HotSpot(TM) 64-Bit Server VM (25.101-b13 mixed mode windows-amd64 compressed oops)
# Problematic frame:
# V  [jvm.dll+0x12a0a5]
#
# Failed to write core dump. Minidumps are not enabled by default on client versions of Windows
#
# If you would like to submit a bug report, please visit:
#   http://bugreport.java.com/bugreport/crash.jsp
#

---------------  T H R E A D  ---------------

Current thread (0x0000000016e63800):  JavaThread "JDWP Transport Listener: dt_socket" daemon [_thread_in_vm, id=11592, stack(0x0000000018820000,0x0000000018920000)]

siginfo: ExceptionCode=0xc0000005, reading address 0xffffffffffffffff

Registers:
RAX=0x000000001891f901, RBX=0x0000000016e63800, RCX=0x6f69746365746f72, RDX=0x0000000000000000
RSP=0x000000001891f9a0, RBP=0x6f69746365746f72, RSI=0x000000001891fab8, RDI=0x0000000002318790
R8 =0x0000000016e63800, R9 =0x0000000000000000, R10=0x0000000000000000, R11=0x0000000000000064
R12=0x0000000000000000, R13=0x0000000016e71ed8, R14=0x0000000000000000, R15=0x0000000000000000
RIP=0x000000006629a0a5, EFLAGS=0x0000000000010206

Top of Stack: (sp=0x000000001891f9a0)
0x000000001891f9a0:   0000000016e63800 0000000016e63800
0x000000001891f9b0:   000000001891fa68 00000000664a2f0b
0x000000001891f9c0:   0000000016e63800 00000000664bf76d
0x000000001891f9d0:   0000000000000000 0000000065ea9155
0x000000001891f9e0:   0000000016e87228 0000000065eb291e
0x000000001891f9f0:   0000000016e63800 0000000000000000
0x000000001891fa00:   0000000000000000 0000000000000000
0x000000001891fa10:   6f69746365746f72 0000000065eb1a15
0x000000001891fa20:   000000001891fab8 000000001891fa90
0x000000001891fa30:   0000000000000001 0000000016e87228
0x000000001891fa40:   6f69746365746f72 0000000065e953b3
0x000000001891fa50:   000000001891fb80 0000000000000001
0x000000001891fa60:   0000000000000001 0000000016e87228
0x000000001891fa70:   0000000000000009 0000000000000000
0x000000001891fa80:   0000000000000000 0000000000000000
0x000000001891fa90:   0000000000000001 0000000065e95571 

Instructions: (pc=0x000000006629a0a5)
0x000000006629a085:   cc cc cc cc cc cc cc cc cc cc cc 48 83 ec 28 48
0x000000006629a095:   85 c9 75 07 33 c0 48 83 c4 28 c3 48 89 5c 24 20
0x000000006629a0a5:   48 8b 19 48 85 db 74 20 48 83 fb 37 74 1a 48 8b
0x000000006629a0b5:   13 48 8b cb ff 52 10 84 c0 74 0d 48 8b c3 48 8b 


Register to memory mapping:

RAX=0x000000001891f901 is pointing into the stack for thread: 0x0000000016e63800
RBX=0x0000000016e63800 is a thread
RCX=0x6f69746365746f72 is an unknown value
RDX=0x0000000000000000 is an unknown value
RSP=0x000000001891f9a0 is pointing into the stack for thread: 0x0000000016e63800
RBP=0x6f69746365746f72 is an unknown value
RSI=0x000000001891fab8 is pointing into the stack for thread: 0x0000000016e63800
RDI=0x0000000002318790 is an unknown value
R8 =0x0000000016e63800 is a thread
R9 =0x0000000000000000 is an unknown value
R10=0x0000000000000000 is an unknown value
R11=0x0000000000000064 is an unknown value
R12=0x0000000000000000 is an unknown value
R13=0x0000000016e71ed8 is an unknown value
R14=0x0000000000000000 is an unknown value
R15=0x0000000000000000 is an unknown value


Stack: [0x0000000018820000,0x0000000018920000],  sp=0x000000001891f9a0,  free space=1022k
Native frames: (J=compiled Java code, j=interpreted, Vv=VM code, C=native code)
V  [jvm.dll+0x12a0a5]
V  [jvm.dll+0x34f76d]
C  [jdwp.dll+0x21a15]
C  [jdwp.dll+0x53b3]
C  [jdwp.dll+0x5571]
C  [jdwp.dll+0xf0a8]
C  [jdwp.dll+0x1f2d5]
C  [jdwp.dll+0x1f4aa]
V  [jvm.dll+0x1bd258]
V  [jvm.dll+0x2451a4]
V  [jvm.dll+0x29c18a]
C  [msvcr100.dll+0x21d9f]
C  [msvcr100.dll+0x21e3b]
C  [KERNEL32.DLL+0x8364]
C  [ntdll.dll+0x65e91]


---------------  P R O C E S S  ---------------

Java Threads: ( => current thread )
  0x0000000018e66000 JavaThread "Service Thread" daemon [_thread_blocked, id=13124, stack(0x0000000019220000,0x0000000019320000)]
  0x0000000016e8a000 JavaThread "C1 CompilerThread2" daemon [_thread_blocked, id=11768, stack(0x0000000018d20000,0x0000000018e20000)]
  0x0000000016e89000 JavaThread "C2 CompilerThread1" daemon [_thread_blocked, id=4264, stack(0x0000000018c20000,0x0000000018d20000)]
  0x0000000016e84000 JavaThread "C2 CompilerThread0" daemon [_thread_blocked, id=11128, stack(0x0000000018b20000,0x0000000018c20000)]
  0x0000000016e78000 JavaThread "JDWP Command Reader" daemon [_thread_in_native, id=4228, stack(0x0000000018a20000,0x0000000018b20000)]
  0x0000000016e76800 JavaThread "JDWP Event Helper Thread" daemon [_thread_blocked, id=9640, stack(0x0000000018920000,0x0000000018a20000)]
=>0x0000000016e63800 JavaThread "JDWP Transport Listener: dt_socket" daemon [_thread_in_vm, id=11592, stack(0x0000000018820000,0x0000000018920000)]
  0x0000000016e5d000 JavaThread "Attach Listener" daemon [_thread_blocked, id=9804, stack(0x00000000183e0000,0x00000000184e0000)]
  0x0000000016e5b800 JavaThread "Signal Dispatcher" daemon [_thread_blocked, id=7736, stack(0x00000000182e0000,0x00000000183e0000)]
  0x0000000016e4a800 JavaThread "Finalizer" daemon [_thread_blocked, id=7032, stack(0x00000000180f0000,0x00000000181f0000)]
  0x00000000024b0000 JavaThread "Reference Handler" daemon [_thread_blocked, id=9924, stack(0x0000000017ff0000,0x00000000180f0000)]
  0x000000000231e000 JavaThread "main" [_thread_in_native, id=6576, stack(0x0000000002210000,0x0000000002310000)]

Other Threads:
  0x0000000016e27800 VMThread [stack: 0x0000000017ef0000,0x0000000017ff0000] [id=876]
  0x0000000018e6a000 WatcherThread [stack: 0x0000000019320000,0x0000000019420000] [id=2744]

VM state:not at safepoint (normal execution)

VM Mutex/Monitor currently owned by a thread: None

Heap:
 PSYoungGen      total 36864K, used 2547K [0x00000000d6c00000, 0x00000000d9500000, 0x0000000100000000)
  eden space 31744K, 8% used [0x00000000d6c00000,0x00000000d6e7ce50,0x00000000d8b00000)
  from space 5120K, 0% used [0x00000000d9000000,0x00000000d9000000,0x00000000d9500000)
  to   space 5120K, 0% used [0x00000000d8b00000,0x00000000d8b00000,0x00000000d9000000)
 ParOldGen       total 84992K, used 0K [0x0000000084400000, 0x0000000089700000, 0x00000000d6c00000)
  object space 84992K, 0% used [0x0000000084400000,0x0000000084400000,0x0000000089700000)
 Metaspace       used 3311K, capacity 4566K, committed 4864K, reserved 1056768K
  class space    used 384K, capacity 390K, committed 512K, reserved 1048576K

Card table byte_map: [0x0000000011880000,0x0000000011c60000] byte_map_base: 0x000000001145e000

Marking Bits: (ParMarkBitMap*) 0x000000006698a6d0
 Begin Bits: [0x0000000012300000, 0x00000000141f0000)
 End Bits:   [0x00000000141f0000, 0x00000000160e0000)

Polling page: 0x0000000002320000

CodeCache: size=245760Kb used=1177Kb max_used=1177Kb free=244582Kb
 bounds [0x00000000024c0000, 0x0000000002730000, 0x00000000114c0000]
 total_blobs=295 nmethods=62 adapters=154
 compilation: enabled

Compilation events (10 events):
Event: 0.606 Thread 0x0000000016e8a000   58       3       java.util.regex.Pattern::peek (26 bytes)
Event: 0.606 Thread 0x0000000016e8a000 nmethod 58 0x00000000025e5590 code [0x00000000025e5700, 0x00000000025e59c8]
Event: 0.606 Thread 0x0000000016e8a000   59       3       java.lang.Character::isBmpCodePoint (13 bytes)
Event: 0.607 Thread 0x0000000016e8a000 nmethod 59 0x00000000025e5b10 code [0x00000000025e5c60, 0x00000000025e5df0]
Event: 0.607 Thread 0x0000000016e8a000   60       1       java.util.regex.Pattern::flags (5 bytes)
Event: 0.607 Thread 0x0000000016e8a000 nmethod 60 0x00000000025e5e50 code [0x00000000025e5fa0, 0x00000000025e60b0]
Event: 0.607 Thread 0x0000000016e8a000   61       3       java.util.regex.ASCII::isAscii (13 bytes)
Event: 0.607 Thread 0x0000000016e8a000 nmethod 61 0x00000000025e6110 code [0x00000000025e6260, 0x00000000025e63f0]
Event: 0.607 Thread 0x0000000016e8a000   62       3       java.util.regex.Pattern::next (33 bytes)
Event: 0.607 Thread 0x0000000016e8a000 nmethod 62 0x00000000025e6450 code [0x00000000025e65c0, 0x00000000025e68a8]

GC Heap History (0 events):
No events

Deoptimization events (0 events):
No events

Internal exceptions (6 events):
Event: 0.071 Thread 0x000000000231e000 Exception <a 'java/lang/NoSuchMethodError': Method sun.misc.Unsafe.defineClass(Ljava/lang/String;[BII)Ljava/lang/Class; name or signature does not match> (0x00000000d6c07cc0) thrown at [C:\re\workspace\8-2-build-windows-amd64-cygwin\jdk8u101\7261\hotspot\s<Ø•ZpH²?
Event: 0.071 Thread 0x000000000231e000 Exception <a 'java/lang/NoSuchMethodError': Method sun.misc.Unsafe.prefetchRead(Ljava/lang/Object;J)V name or signature does not match> (0x00000000d6c07fa8) thrown at [C:\re\workspace\8-2-build-windows-amd64-cygwin\jdk8u101\7261\hotspot\src\share\vm\prims\C-l4Äâ?
Event: 0.586 Thread 0x000000000231e000 Exception <a 'java/security/PrivilegedActionException'> (0x00000000d6c90c68) thrown at [C:\re\workspace\8-2-build-windows-amd64-cygwin\jdk8u101\7261\hotspot\src\share\vm\prims\jvm.cpp, line 1386]
Event: 0.587 Thread 0x000000000231e000 Exception <a 'java/security/PrivilegedActionException'> (0x00000000d6c91060) thrown at [C:\re\workspace\8-2-build-windows-amd64-cygwin\jdk8u101\7261\hotspot\src\share\vm\prims\jvm.cpp, line 1386]
Event: 0.588 Thread 0x000000000231e000 Exception <a 'java/security/PrivilegedActionException'> (0x00000000d6c94e90) thrown at [C:\re\workspace\8-2-build-windows-amd64-cygwin\jdk8u101\7261\hotspot\src\share\vm\prims\jvm.cpp, line 1386]
Event: 0.588 Thread 0x000000000231e000 Exception <a 'java/security/PrivilegedActionException'> (0x00000000d6c95288) thrown at [C:\re\workspace\8-2-build-windows-amd64-cygwin\jdk8u101\7261\hotspot\src\share\vm\prims\jvm.cpp, line 1386]

Events (10 events):
Event: 5495.503 Executing VM operation: RedefineClasses
Event: 5495.504 Executing VM operation: RedefineClasses done
Event: 5495.524 Executing VM operation: ChangeBreakpoints
Event: 5495.524 Executing VM operation: ChangeBreakpoints done
Event: 7205.080 Executing VM operation: RedefineClasses
Event: 7205.081 Executing VM operation: RedefineClasses done
Event: 7222.012 Executing VM operation: RedefineClasses
Event: 7222.012 Executing VM operation: RedefineClasses done
Event: 9318.499 Executing VM operation: RedefineClasses
Event: 9318.500 Executing VM operation: RedefineClasses done


Dynamic libraries:
0x00007ff7d2e40000 - 0x00007ff7d2e77000 	C:\Program Files\Java\jre1.8.0_101\bin\javaw.exe
0x00007ffe779b0000 - 0x00007ffe77b81000 	C:\Windows\SYSTEM32\ntdll.dll
0x00007ffe77630000 - 0x00007ffe776db000 	C:\Windows\System32\KERNEL32.DLL
0x00007ffe74090000 - 0x00007ffe742ad000 	C:\Windows\System32\KERNELBASE.dll
0x00007ffe74f40000 - 0x00007ffe74fe2000 	C:\Windows\System32\ADVAPI32.dll
0x00007ffe75220000 - 0x00007ffe752be000 	C:\Windows\System32\msvcrt.dll
0x00007ffe76d90000 - 0x00007ffe76de9000 	C:\Windows\System32\sechost.dll
0x00007ffe75050000 - 0x00007ffe75171000 	C:\Windows\System32\RPCRT4.dll
0x00007ffe77320000 - 0x00007ffe77485000 	C:\Windows\System32\USER32.dll
0x00007ffe73ea0000 - 0x00007ffe73ebe000 	C:\Windows\System32\win32u.dll
0x00007ffe772c0000 - 0x00007ffe772f4000 	C:\Windows\System32\GDI32.dll
0x00007ffe74d00000 - 0x00007ffe74e82000 	C:\Windows\System32\gdi32full.dll
0x00007ffe66710000 - 0x00007ffe66989000 	C:\Windows\WinSxS\amd64_microsoft.windows.common-controls_6595b64144ccf1df_6.0.14393.447_none_42191651c6827bb3\COMCTL32.dll
0x00007ffe776e0000 - 0x00007ffe779a7000 	C:\Windows\System32\combase.dll
0x00007ffe74990000 - 0x00007ffe74a85000 	C:\Windows\System32\ucrtbase.dll
0x00007ffe73ec0000 - 0x00007ffe73f2a000 	C:\Windows\System32\bcryptPrimitives.dll
0x00007ffe75180000 - 0x00007ffe751ae000 	C:\Windows\System32\IMM32.DLL
0x0000000065ed0000 - 0x0000000065fa2000 	C:\Program Files\Java\jre1.8.0_101\bin\msvcr100.dll
0x0000000066170000 - 0x0000000066a0a000 	C:\Program Files\Java\jre1.8.0_101\bin\server\jvm.dll
0x00007ffe752c0000 - 0x00007ffe752c8000 	C:\Windows\System32\PSAPI.DLL
0x00007ffe60160000 - 0x00007ffe60169000 	C:\Windows\SYSTEM32\WSOCK32.dll
0x00007ffe751b0000 - 0x00007ffe7521a000 	C:\Windows\System32\WS2_32.dll
0x00007ffe722d0000 - 0x00007ffe722f3000 	C:\Windows\SYSTEM32\WINMM.dll
0x00007ffe659b0000 - 0x00007ffe659ba000 	C:\Windows\SYSTEM32\VERSION.dll
0x00007ffe72270000 - 0x00007ffe7229b000 	C:\Windows\SYSTEM32\WINMMBASE.dll
0x00007ffe74e90000 - 0x00007ffe74ed2000 	C:\Windows\System32\cfgmgr32.dll
0x0000000066080000 - 0x000000006608f000 	C:\Program Files\Java\jre1.8.0_101\bin\verify.dll
0x0000000066050000 - 0x0000000066079000 	C:\Program Files\Java\jre1.8.0_101\bin\java.dll
0x0000000065e90000 - 0x0000000065ec5000 	C:\Program Files\Java\jre1.8.0_101\bin\jdwp.dll
0x0000000065e80000 - 0x0000000065e88000 	C:\Program Files\Java\jre1.8.0_101\bin\npt.dll
0x0000000066030000 - 0x0000000066046000 	C:\Program Files\Java\jre1.8.0_101\bin\zip.dll
0x00007ffe75700000 - 0x00007ffe76c09000 	C:\Windows\System32\SHELL32.dll
0x00007ffe742b0000 - 0x00007ffe7498a000 	C:\Windows\System32\windows.storage.dll
0x00007ffe73e20000 - 0x00007ffe73e6c000 	C:\Windows\System32\powrprof.dll
0x00007ffe76c10000 - 0x00007ffe76c62000 	C:\Windows\System32\shlwapi.dll
0x00007ffe73e10000 - 0x00007ffe73e1f000 	C:\Windows\System32\kernel.appcore.dll
0x00007ffe73fe0000 - 0x00007ffe74089000 	C:\Windows\System32\shcore.dll
0x00007ffe73e70000 - 0x00007ffe73e84000 	C:\Windows\System32\profapi.dll
0x0000000065e70000 - 0x0000000065e79000 	C:\Program Files\Java\jre1.8.0_101\bin\dt_socket.dll
0x00007ffe5d000000 - 0x00007ffe5d016000 	C:\Windows\system32\napinsp.dll
0x00007ffe5d020000 - 0x00007ffe5d03a000 	C:\Windows\system32\pnrpnsp.dll
0x00007ffe71770000 - 0x00007ffe71788000 	C:\Windows\system32\NLAapi.dll
0x00007ffe73590000 - 0x00007ffe735ec000 	C:\Windows\System32\mswsock.dll
0x00007ffe73360000 - 0x00007ffe73400000 	C:\Windows\SYSTEM32\DNSAPI.dll
0x00007ffe76d20000 - 0x00007ffe76d28000 	C:\Windows\System32\NSI.dll
0x00007ffe73320000 - 0x00007ffe73358000 	C:\Windows\SYSTEM32\IPHLPAPI.DLL
0x00007ffe60000000 - 0x00007ffe6000e000 	C:\Windows\System32\winrnr.dll
0x00007ffe5d040000 - 0x00007ffe5d055000 	C:\Windows\System32\wshbth.dll
0x00007ffe6c940000 - 0x00007ffe6c9aa000 	C:\Windows\System32\fwpuclnt.dll
0x00007ffe73d50000 - 0x00007ffe73d7b000 	C:\Windows\SYSTEM32\bcrypt.dll
0x00007ffe66070000 - 0x00007ffe6607a000 	C:\Windows\System32\rasadhlp.dll
0x00007ffe623e0000 - 0x00007ffe62572000 	C:\Windows\SYSTEM32\dbghelp.dll

VM Arguments:
jvm_args: -agentlib:jdwp=transport=dt_socket,suspend=y,address=localhost:60226 -Dfile.encoding=Cp1252 
java_command: Main
java_class_path (initial): D:\Libraries\Documents\Eclipse Java Projects\CodeForces\Raising Bacteria\bin
Launcher Type: SUN_STANDARD

Environment Variables:
PATH=C:/Program Files/Java/jre1.8.0_101/bin/server;C:/Program Files/Java/jre1.8.0_101/bin;C:/Program Files/Java/jre1.8.0_101/lib/amd64;C:\ProgramData\Oracle\Java\javapath;C:\Windows\system32;C:\Windows;C:\Windows\System32\Wbem;C:\Windows\System32\WindowsPowerShell\v1.0\;C:\Windows\system32\config\systemprofile\.dnx\bin;C:\Program Files\Microsoft DNX\Dnvm\;C:\Program Files\Microsoft SQL Server\130\Tools\Binn\;C:\Program Files (x86)\GtkSharp\2.12\bin;C:\Program Files\SourceGear\Common\DiffMerge\;C:\ProgramData\Oracle\Java\javapath;C:\Windows\system32;C:\Windows;C:\Windows\System32\Wbem;C:\Windows\System32\WindowsPowerShell\v1.0\;C:\Windows\system32\config\systemprofile\.dnx\bin;C:\Program Files\Microsoft DNX\Dnvm\;C:\Program Files\Microsoft SQL Server\130\Tools\Binn\;C:\Program Files (x86)\GtkSharp\2.12\bin;C:\Users\maidu\AppData\Local\Microsoft\WindowsApps;;C:\Android\sdk\platform-tools;C:\Windows\System32;
USERNAME=maidul
OS=Windows_NT
PROCESSOR_IDENTIFIER=Intel64 Family 6 Model 69 Stepping 1, GenuineIntel



---------------  S Y S T E M  ---------------

OS: Windows 10.0 , 64 bit Build 14393 (10.0.14393.0)

CPU:total 4 (2 cores per cpu, 2 threads per core) family 6 model 69 stepping 1, cmov, cx8, fxsr, mmx, sse, sse2, sse3, ssse3, sse4.1, sse4.2, popcnt, avx, avx2, aes, clmul, erms, lzcnt, ht, tsc, tscinvbit, bmi1, bmi2

Memory: 4k page, physical 8102168k(4450172k free), swap 9412888k(2873120k free)

vm_info: Java HotSpot(TM) 64-Bit Server VM (25.101-b13) for windows-amd64 JRE (1.8.0_101-b13), built on Jun 22 2016 01:21:29 by "java_re" with MS VC++ 10.0 (VS2010)

time: Tue Nov 29 17:27:04 2016
elapsed time: 9318 seconds (0d 2h 35m 18s)

